0 info it worked if it ends with ok
1 verbose cli [ 'C:\\Program Files\\nodejs\\node.exe',
1 verbose cli   'C:\\Program Files\\nodejs\\node_modules\\npm\\bin\\npm-cli.js',
1 verbose cli   'publish',
1 verbose cli   'backpacktf' ]
2 info using npm@2.14.4
3 info using node@v4.1.1
4 verbose publish [ 'backpacktf' ]
5 silly cache add args [ 'backpacktf', null ]
6 verbose cache add spec backpacktf
7 silly cache add parsed spec Result {
7 silly cache add   raw: 'backpacktf',
7 silly cache add   scope: null,
7 silly cache add   name: 'backpacktf',
7 silly cache add   rawSpec: '',
7 silly cache add   spec: '*',
7 silly cache add   type: 'range' }
8 silly addNamed backpacktf@*
9 verbose addNamed "*" is a valid semver range for backpacktf
10 silly addNameRange { name: 'backpacktf', range: '*', hasData: false }
11 silly mapToRegistry name backpacktf
12 silly mapToRegistry using default registry
13 silly mapToRegistry registry https://registry.npmjs.org/
14 silly mapToRegistry uri https://registry.npmjs.org/backpacktf
15 verbose addNameRange registry:https://registry.npmjs.org/backpacktf not in flight; fetching
16 verbose request uri https://registry.npmjs.org/backpacktf
17 verbose request no auth needed
18 info attempt registry request try #1 at 3:18:26 PM
19 verbose request using bearer token for auth
20 verbose request id 689dbe924ff5b8df
21 http request GET https://registry.npmjs.org/backpacktf
22 http 200 https://registry.npmjs.org/backpacktf
23 silly get cb [ 200,
23 silly get   { server: 'CouchDB/1.5.0 (Erlang OTP/R16B03)',
23 silly get     etag: '"8A9U94FDHTFXN8W6UMWR77VUC"',
23 silly get     'content-type': 'application/json',
23 silly get     'cache-control': 'max-age=300',
23 silly get     'content-length': '2475',
23 silly get     'accept-ranges': 'bytes',
23 silly get     date: 'Mon, 14 Dec 2015 23:18:26 GMT',
23 silly get     via: '1.1 varnish',
23 silly get     connection: 'keep-alive',
23 silly get     'x-served-by': 'cache-sjc3123-SJC',
23 silly get     'x-cache': 'MISS',
23 silly get     'x-cache-hits': '0',
23 silly get     'x-timer': 'S1450135106.437632,VS0,VE43',
23 silly get     vary: 'Accept' } ]
24 verbose get saving backpacktf to C:\Users\Maxwell\AppData\Roaming\npm-cache\registry.npmjs.org\backpacktf\.cache.json
25 silly addNameRange number 2 { name: 'backpacktf', range: '*', hasData: true }
26 silly addNameRange versions [ 'backpacktf', [ '0.0.1', '0.0.2' ] ]
27 silly addNamed backpacktf@0.0.2
28 verbose addNamed "0.0.2" is a plain semver version for backpacktf
29 silly cache afterAdd backpacktf@0.0.2
30 verbose afterAdd C:\Users\Maxwell\AppData\Roaming\npm-cache\backpacktf\0.0.2\package\package.json not in flight; writing
31 verbose afterAdd C:\Users\Maxwell\AppData\Roaming\npm-cache\backpacktf\0.0.2\package\package.json written
32 silly publish { name: 'backpacktf',
32 silly publish   version: '0.0.2',
32 silly publish   description: 'backpack.tf data-grabber for node',
32 silly publish   keywords: [ 'steam', 'http' ],
32 silly publish   homepage: 'http://github.com/charredgrass/node-backpacktf',
32 silly publish   license: 'GPL-2.0',
32 silly publish   author:
32 silly publish    { name: 'Maxwell Chow',
32 silly publish      email: 'maxchowla@gmail.com',
32 silly publish      url: 'charredgrass.github.io' },
32 silly publish   main: './index.js',
32 silly publish   readme: '# node-backpacktf\r\nA node.js module to get data from the backpack.tf API.\r\n',
32 silly publish   readmeFilename: 'README.md',
32 silly publish   gitHead: '1ea3248a89c15986ea4a471c0fd69f6c49360de5',
32 silly publish   _id: 'backpacktf@0.0.2',
32 silly publish   scripts: {},
32 silly publish   _shasum: '9b079ccdcdd821c2e893a81b4390832ada689af1',
32 silly publish   _from: 'backpacktf@*',
32 silly publish   _resolved: 'file:Documents\\GitHub\\node-backpacktf' }
33 info prepublish backpacktf@0.0.2
34 verbose getPublishConfig undefined
35 silly mapToRegistry name backpacktf
36 silly mapToRegistry using default registry
37 silly mapToRegistry registry https://registry.npmjs.org/
38 silly mapToRegistry uri https://registry.npmjs.org/backpacktf
39 verbose publish registryBase https://registry.npmjs.org/
40 silly publish uploading C:\Users\Maxwell\AppData\Roaming\npm-cache\backpacktf\0.0.2\package.tgz
41 verbose request uri https://registry.npmjs.org/backpacktf
42 verbose request sending authorization for write operation
43 info attempt registry request try #1 at 3:18:27 PM
44 verbose request using bearer token for auth
45 http request PUT https://registry.npmjs.org/backpacktf
46 http 403 https://registry.npmjs.org/backpacktf
47 verbose headers { 'content-type': 'application/json',
47 verbose headers   'cache-control': 'max-age=300',
47 verbose headers   'content-length': '95',
47 verbose headers   'accept-ranges': 'bytes',
47 verbose headers   date: 'Mon, 14 Dec 2015 23:18:26 GMT',
47 verbose headers   via: '1.1 varnish',
47 verbose headers   connection: 'keep-alive',
47 verbose headers   'x-served-by': 'cache-sjc3125-SJC',
47 verbose headers   'x-cache': 'MISS',
47 verbose headers   'x-cache-hits': '0',
47 verbose headers   'x-timer': 'S1450135106.774974,VS0,VE146' }
48 verbose request invalidating C:\Users\Maxwell\AppData\Roaming\npm-cache\registry.npmjs.org\backpacktf on PUT
49 error publish Failed PUT 403
50 verbose stack Error: "You cannot publish over the previously published version 0.0.2." : backpacktf
50 verbose stack     at makeError (C:\Program Files\nodejs\node_modules\npm\node_modules\npm-registry-client\lib\request.js:263:12)
50 verbose stack     at CachingRegistryClient.<anonymous> (C:\Program Files\nodejs\node_modules\npm\node_modules\npm-registry-client\lib\request.js:251:14)
50 verbose stack     at Request._callback (C:\Program Files\nodejs\node_modules\npm\node_modules\npm-registry-client\lib\request.js:171:14)
50 verbose stack     at Request.self.callback (C:\Program Files\nodejs\node_modules\npm\node_modules\request\request.js:198:22)
50 verbose stack     at emitTwo (events.js:87:13)
50 verbose stack     at Request.emit (events.js:172:7)
50 verbose stack     at Request.<anonymous> (C:\Program Files\nodejs\node_modules\npm\node_modules\request\request.js:1073:14)
50 verbose stack     at emitOne (events.js:82:20)
50 verbose stack     at Request.emit (events.js:169:7)
50 verbose stack     at IncomingMessage.<anonymous> (C:\Program Files\nodejs\node_modules\npm\node_modules\request\request.js:1019:12)
51 verbose statusCode 403
52 verbose pkgid backpacktf
53 verbose cwd C:\Users\Maxwell\Documents\GitHub\node-backpacktf
54 error Windows_NT 6.1.7601
55 error argv "C:\\Program Files\\nodejs\\node.exe" "C:\\Program Files\\nodejs\\node_modules\\npm\\bin\\npm-cli.js" "publish" "backpacktf"
56 error node v4.1.1
57 error npm  v2.14.4
58 error code E403
59 error "You cannot publish over the previously published version 0.0.2." : backpacktf
60 error If you need help, you may report this error at:
60 error     <https://github.com/npm/npm/issues>
61 verbose exit [ 1, true ]
